<?xml version="1.0" encoding="UTF-8"?>
<!-- Generated by org.testng.reporters.JUnitReportReporter -->
<testsuite hostname="mai" failures="0" tests="9" name="SauceDemo.myTestCase" time="1.982" errors="0" timestamp="2026-02-05T15:48:08 GMT+03:00" skipped="0">
  <testcase classname="SauceDemo.myTestCase" name="Login" time="0.173"/>
  <testcase classname="SauceDemo.myTestCase" name="randomSorting" time="0.125"/>
  <testcase classname="SauceDemo.myTestCase" name="AddAllItems" time="0.379"/>
  <testcase classname="SauceDemo.myTestCase" name="RemoveItem" time="0.407"/>
  <testcase classname="SauceDemo.myTestCase" name="addItemFromProductPage" time="0.199"/>
  <testcase classname="SauceDemo.myTestCase" name="removeItemFromCart" time="0.130"/>
  <testcase classname="SauceDemo.myTestCase" name="checkoutProcess" time="0.314"/>
  <testcase classname="SauceDemo.myTestCase" name="logout" time="0.130"/>
  <testcase classname="SauceDemo.myTestCase" name="invalidLogin" time="0.125"/>
</testsuite> <!-- SauceDemo.myTestCase -->
