<?xml version="1.0" encoding="UTF-8"?>
<!-- Generated by org.testng.reporters.JUnitReportReporter -->
<testsuite hostname="mai" failures="0" tests="4" name="SauceDemo.MyTsetCase" time="0.752" errors="0" timestamp="2025-11-29T09:49:30 GMT+03:00" skipped="0">
  <testcase classname="SauceDemo.MyTsetCase" name="Login" time="0.217"/>
  <testcase classname="SauceDemo.MyTsetCase" name="AddItemToTheCart" time="0.049"/>
  <testcase classname="SauceDemo.MyTsetCase" name="RemoveThenAddItem" time="0.079"/>
  <testcase classname="SauceDemo.MyTsetCase" name="Checkout" time="0.407"/>
</testsuite> <!-- SauceDemo.MyTsetCase -->
