<?xml version="1.0" encoding="UTF-8"?>
<testng-results ignored="0" total="9" passed="9" failed="0" skipped="0">
  <reporter-output>
  </reporter-output>
  <suite started-at="2026-02-05T15:47:56 GMT+03:00" name="Default suite" finished-at="2026-02-05T15:48:08 GMT+03:00" duration-ms="11986">
    <groups>
    </groups>
    <test started-at="2026-02-05T15:47:56 GMT+03:00" name="Default test" finished-at="2026-02-05T15:48:08 GMT+03:00" duration-ms="11986">
      <class name="SauceDemo.myTestCase">
        <test-method is-config="true" signature="mySetup()[pri:0, instance:SauceDemo.myTestCase@1a677343]" started-at="2026-02-05T15:47:56 GMT+03:00" name="mySetup" finished-at="2026-02-05T15:48:00 GMT+03:00" duration-ms="4076" status="PASS">
          <reporter-output>
          </reporter-output>
        </test-method> <!-- mySetup -->
        <test-method signature="Login()[pri:1, instance:SauceDemo.myTestCase@1a677343]" started-at="2026-02-05T15:48:00 GMT+03:00" name="Login" finished-at="2026-02-05T15:48:00 GMT+03:00" duration-ms="173" status="PASS">
          <reporter-output>
          </reporter-output>
        </test-method> <!-- Login -->
        <test-method signature="randomSorting()[pri:2, instance:SauceDemo.myTestCase@1a677343]" started-at="2026-02-05T15:48:00 GMT+03:00" name="randomSorting" finished-at="2026-02-05T15:48:00 GMT+03:00" duration-ms="125" status="PASS">
          <reporter-output>
          </reporter-output>
        </test-method> <!-- randomSorting -->
        <test-method signature="AddAllItems()[pri:3, instance:SauceDemo.myTestCase@1a677343]" started-at="2026-02-05T15:48:00 GMT+03:00" name="AddAllItems" finished-at="2026-02-05T15:48:00 GMT+03:00" duration-ms="379" status="PASS">
          <reporter-output>
          </reporter-output>
        </test-method> <!-- AddAllItems -->
        <test-method signature="RemoveItem()[pri:4, instance:SauceDemo.myTestCase@1a677343]" started-at="2026-02-05T15:48:00 GMT+03:00" name="RemoveItem" finished-at="2026-02-05T15:48:01 GMT+03:00" duration-ms="407" status="PASS">
          <reporter-output>
          </reporter-output>
        </test-method> <!-- RemoveItem -->
        <test-method signature="addItemFromProductPage()[pri:5, instance:SauceDemo.myTestCase@1a677343]" started-at="2026-02-05T15:48:01 GMT+03:00" name="addItemFromProductPage" finished-at="2026-02-05T15:48:01 GMT+03:00" duration-ms="199" status="PASS">
          <reporter-output>
          </reporter-output>
        </test-method> <!-- addItemFromProductPage -->
        <test-method signature="removeItemFromCart()[pri:6, instance:SauceDemo.myTestCase@1a677343]" started-at="2026-02-05T15:48:01 GMT+03:00" name="removeItemFromCart" finished-at="2026-02-05T15:48:01 GMT+03:00" duration-ms="130" status="PASS">
          <reporter-output>
          </reporter-output>
        </test-method> <!-- removeItemFromCart -->
        <test-method signature="checkoutProcess()[pri:7, instance:SauceDemo.myTestCase@1a677343]" started-at="2026-02-05T15:48:01 GMT+03:00" name="checkoutProcess" finished-at="2026-02-05T15:48:02 GMT+03:00" duration-ms="314" status="PASS">
          <reporter-output>
          </reporter-output>
        </test-method> <!-- checkoutProcess -->
        <test-method signature="logout()[pri:8, instance:SauceDemo.myTestCase@1a677343]" started-at="2026-02-05T15:48:02 GMT+03:00" name="logout" finished-at="2026-02-05T15:48:02 GMT+03:00" duration-ms="130" status="PASS">
          <reporter-output>
          </reporter-output>
        </test-method> <!-- logout -->
        <test-method signature="invalidLogin()[pri:9, instance:SauceDemo.myTestCase@1a677343]" started-at="2026-02-05T15:48:02 GMT+03:00" name="invalidLogin" finished-at="2026-02-05T15:48:02 GMT+03:00" duration-ms="125" status="PASS">
          <reporter-output>
          </reporter-output>
        </test-method> <!-- invalidLogin -->
        <test-method is-config="true" signature="tearDown()[pri:0, instance:SauceDemo.myTestCase@1a677343]" started-at="2026-02-05T15:48:02 GMT+03:00" name="tearDown" finished-at="2026-02-05T15:48:08 GMT+03:00" duration-ms="5895" status="PASS">
          <reporter-output>
          </reporter-output>
        </test-method> <!-- tearDown -->
      </class> <!-- SauceDemo.myTestCase -->
    </test> <!-- Default test -->
  </suite> <!-- Default suite -->
</testng-results>
